SF:C:\Users\jozefpodlecki\source\repos\Jozefpodlecki\TestCI\TestCI.DAL\AppDbContext.cs
FN:21,Microsoft.EntityFrameworkCore.DbSet`1<TestCI.DAL.Models.Todo> TestCI.DAL.AppDbContext::get_Todos()
FNDA:6,Microsoft.EntityFrameworkCore.DbSet`1<TestCI.DAL.Models.Todo> TestCI.DAL.AppDbContext::get_Todos()
DA:22,6
FN:12,System.Void TestCI.DAL.AppDbContext::.ctor()
FNDA:0,System.Void TestCI.DAL.AppDbContext::.ctor()
DA:13,0
DA:14,0
DA:16,0
FN:17,System.Void TestCI.DAL.AppDbContext::.ctor(Microsoft.EntityFrameworkCore.DbContextOptions)
FNDA:4,System.Void TestCI.DAL.AppDbContext::.ctor(Microsoft.EntityFrameworkCore.DbContextOptions)
DA:18,4
DA:19,4
DA:20,4
LF:7
LH:4
BRF:0
BRH:0
FNF:3
FNH:2
end_of_record
SF:C:\Users\jozefpodlecki\source\repos\Jozefpodlecki\TestCI\TestCI.DAL\Repositories\TodoRepository.cs
FN:17,System.Collections.Generic.IEnumerable`1<TestCI.DAL.Models.Todo> TestCI.DAL.Repositories.TodoRepository::Get()
FNDA:1,System.Collections.Generic.IEnumerable`1<TestCI.DAL.Models.Todo> TestCI.DAL.Repositories.TodoRepository::Get()
DA:18,1
FN:19,System.Threading.Tasks.ValueTask`1<TestCI.DAL.Models.Todo> TestCI.DAL.Repositories.TodoRepository::GetAsync(System.Int32)
FNDA:1,System.Threading.Tasks.ValueTask`1<TestCI.DAL.Models.Todo> TestCI.DAL.Repositories.TodoRepository::GetAsync(System.Int32)
DA:20,1
FN:12,System.Void TestCI.DAL.Repositories.TodoRepository::.ctor(TestCI.DAL.AppDbContext)
FNDA:4,System.Void TestCI.DAL.Repositories.TodoRepository::.ctor(TestCI.DAL.AppDbContext)
DA:13,4
DA:14,4
DA:15,4
DA:16,4
FN:22,System.Void TestCI.DAL.Repositories.TodoRepository/<CreateAsync>d__4::MoveNext()
FNDA:2,System.Void TestCI.DAL.Repositories.TodoRepository/<CreateAsync>d__4::MoveNext()
DA:23,2
DA:24,2
DA:25,2
DA:26,2
FN:28,System.Void TestCI.DAL.Repositories.TodoRepository/<RemoveAsync>d__5::MoveNext()
FNDA:1,System.Void TestCI.DAL.Repositories.TodoRepository/<RemoveAsync>d__5::MoveNext()
DA:29,1
DA:30,1
DA:31,1
DA:32,1
LF:14
LH:14
BRF:0
BRH:0
FNF:5
FNH:5
end_of_record
SF:C:\Users\jozefpodlecki\source\repos\Jozefpodlecki\TestCI\TestCI.DAL\Models\Todo.cs
FN:6,System.Int32 TestCI.DAL.Models.Todo::get_Id()
FNDA:4,System.Int32 TestCI.DAL.Models.Todo::get_Id()
DA:7,4
FN:8,System.String TestCI.DAL.Models.Todo::get_Name()
FNDA:5,System.String TestCI.DAL.Models.Todo::get_Name()
DA:9,5
FN:10,System.DateTime TestCI.DAL.Models.Todo::get_CreatedOn()
FNDA:5,System.DateTime TestCI.DAL.Models.Todo::get_CreatedOn()
DA:11,5
LF:3
LH:3
BRF:0
BRH:0
FNF:3
FNH:3
end_of_record
SF:C:\Users\jozefpodlecki\source\repos\Jozefpodlecki\TestCI\TestCI.Web\Program.cs
FN:14,System.Void TestCI.Web.Program::Main(System.String[])
FNDA:0,System.Void TestCI.Web.Program::Main(System.String[])
DA:15,0
DA:16,0
DA:17,0
FN:19,Microsoft.Extensions.Hosting.IHostBuilder TestCI.Web.Program::CreateHostBuilder(System.String[])
FNDA:3,Microsoft.Extensions.Hosting.IHostBuilder TestCI.Web.Program::CreateHostBuilder(System.String[])
DA:20,3
DA:21,3
DA:22,3
DA:23,3
DA:24,6
LF:8
LH:5
BRF:0
BRH:0
FNF:2
FNH:1
end_of_record
SF:C:\Users\jozefpodlecki\source\repos\Jozefpodlecki\TestCI\TestCI.Web\Startup.cs
FN:28,Microsoft.Extensions.Configuration.IConfiguration TestCI.Web.Startup::get_Configuration()
FNDA:0,Microsoft.Extensions.Configuration.IConfiguration TestCI.Web.Startup::get_Configuration()
DA:29,0
FN:31,System.Void TestCI.Web.Startup::ConfigureServices(Microsoft.Extensions.DependencyInjection.IServiceCollection)
FNDA:3,System.Void TestCI.Web.Startup::ConfigureServices(Microsoft.Extensions.DependencyInjection.IServiceCollection)
DA:32,3
DA:33,3
DA:34,3
DA:35,3
DA:36,3
DA:37,6
DA:38,3
DA:39,0
DA:40,0
DA:41,0
DA:42,0
DA:43,0
DA:44,0
DA:45,0
DA:46,3
DA:48,3
DA:49,3
DA:50,3
DA:51,3
DA:52,3
DA:53,6
DA:55,3
DA:56,0
DA:57,0
DA:58,0
DA:59,0
DA:60,0
DA:61,0
DA:62,3
DA:63,0
DA:64,3
DA:65,0
DA:66,0
DA:67,0
DA:68,0
DA:69,3
DA:70,0
DA:71,3
DA:73,7
DA:74,3
DA:75,3
BRDA:65,66,0,0
BRDA:65,66,1,0
FN:77,System.Void TestCI.Web.Startup::Configure(Microsoft.AspNetCore.Builder.IApplicationBuilder,Microsoft.AspNetCore.Hosting.IWebHostEnvironment)
FNDA:3,System.Void TestCI.Web.Startup::Configure(Microsoft.AspNetCore.Builder.IApplicationBuilder,Microsoft.AspNetCore.Hosting.IWebHostEnvironment)
DA:78,3
DA:79,3
DA:80,3
DA:81,3
DA:82,3
DA:84,0
DA:85,0
DA:87,0
DA:88,0
DA:90,3
DA:92,3
DA:93,3
DA:94,3
DA:95,3
DA:96,3
DA:97,3
DA:98,3
DA:99,3
DA:100,3
DA:101,3
DA:102,3
DA:103,6
DA:104,3
DA:105,3
DA:106,3
DA:107,3
DA:108,3
DA:109,3
DA:110,3
DA:111,3
DA:112,6
DA:113,3
BRDA:79,9,0,3
BRDA:79,9,1,0
FN:23,System.Void TestCI.Web.Startup::.ctor(Microsoft.Extensions.Configuration.IConfiguration)
FNDA:3,System.Void TestCI.Web.Startup::.ctor(Microsoft.Extensions.Configuration.IConfiguration)
DA:24,3
DA:25,3
DA:26,3
DA:27,3
LF:78
LH:54
BRF:4
BRH:1
FNF:4
FNH:3
end_of_record
SF:C:\Users\jozefpodlecki\source\repos\Jozefpodlecki\TestCI\TestCI.Web\Models\NewTodo.cs
FN:8,System.String TestCI.Web.Models.NewTodo::get_Name()
FNDA:12,System.String TestCI.Web.Models.NewTodo::get_Name()
DA:9,12
LF:1
LH:1
BRF:0
BRH:0
FNF:1
FNH:1
end_of_record
SF:C:\Users\jozefpodlecki\source\repos\Jozefpodlecki\TestCI\TestCI.Web\Controllers\TodoController.cs
FN:20,System.Void TestCI.Web.Controllers.TodoController::.ctor(TestCI.DAL.Repositories.ITodoRepository)
FNDA:6,System.Void TestCI.Web.Controllers.TodoController::.ctor(TestCI.DAL.Repositories.ITodoRepository)
DA:21,6
DA:22,6
DA:23,6
DA:24,6
FN:28,System.Void TestCI.Web.Controllers.TodoController/<GetTodos>d__2::MoveNext()
FNDA:2,System.Void TestCI.Web.Controllers.TodoController/<GetTodos>d__2::MoveNext()
DA:29,2
DA:30,2
DA:31,2
DA:32,2
FN:36,System.Void TestCI.Web.Controllers.TodoController/<GetTodo>d__3::MoveNext()
FNDA:0,System.Void TestCI.Web.Controllers.TodoController/<GetTodo>d__3::MoveNext()
DA:37,0
DA:38,0
DA:40,0
DA:41,0
DA:42,0
DA:45,0
DA:46,0
BRDA:40,168,0,0
BRDA:40,168,1,0
FN:50,System.Void TestCI.Web.Controllers.TodoController/<AddToDo>d__4::MoveNext()
FNDA:3,System.Void TestCI.Web.Controllers.TodoController/<AddToDo>d__4::MoveNext()
DA:51,3
DA:52,3
DA:53,3
DA:54,3
DA:55,3
DA:56,3
DA:58,3
DA:60,3
DA:61,3
FN:65,System.Void TestCI.Web.Controllers.TodoController/<Remove>d__5::MoveNext()
FNDA:1,System.Void TestCI.Web.Controllers.TodoController/<Remove>d__5::MoveNext()
DA:66,1
DA:67,1
DA:69,1
DA:70,0
DA:71,0
DA:74,1
DA:75,1
DA:76,1
BRDA:69,179,0,0
BRDA:69,179,1,1
LF:32
LH:23
BRF:4
BRH:1
FNF:5
FNH:4
end_of_record