SF:C:\Users\jozefpodlecki\source\repos\Jozefpodlecki\TestCI\TestCI.DAL\AppDbContext.cs
FN:21,Microsoft.EntityFrameworkCore.DbSet`1<TestCI.DAL.Models.Todo> TestCI.DAL.AppDbContext::get_Todos()
FNDA:6,Microsoft.EntityFrameworkCore.DbSet`1<TestCI.DAL.Models.Todo> TestCI.DAL.AppDbContext::get_Todos()
DA:22,6
FN:12,System.Void TestCI.DAL.AppDbContext::.ctor()
FNDA:0,System.Void TestCI.DAL.AppDbContext::.ctor()
DA:13,0
DA:14,0
DA:16,0
FN:17,System.Void TestCI.DAL.AppDbContext::.ctor(Microsoft.EntityFrameworkCore.DbContextOptions)
FNDA:3,System.Void TestCI.DAL.AppDbContext::.ctor(Microsoft.EntityFrameworkCore.DbContextOptions)
DA:18,3
DA:19,3
DA:20,3
LF:7
LH:4
BRF:0
BRH:0
FNF:3
FNH:2
end_of_record
SF:C:\Users\jozefpodlecki\source\repos\Jozefpodlecki\TestCI\TestCI.DAL\Repositories\TodoRepository.cs
FN:17,System.Collections.Generic.IEnumerable`1<TestCI.DAL.Models.Todo> TestCI.DAL.Repositories.TodoRepository::Get()
FNDA:1,System.Collections.Generic.IEnumerable`1<TestCI.DAL.Models.Todo> TestCI.DAL.Repositories.TodoRepository::Get()
DA:18,1
FN:19,System.Threading.Tasks.ValueTask`1<TestCI.DAL.Models.Todo> TestCI.DAL.Repositories.TodoRepository::GetAsync(System.Int32)
FNDA:2,System.Threading.Tasks.ValueTask`1<TestCI.DAL.Models.Todo> TestCI.DAL.Repositories.TodoRepository::GetAsync(System.Int32)
DA:20,2
FN:12,System.Void TestCI.DAL.Repositories.TodoRepository::.ctor(TestCI.DAL.AppDbContext)
FNDA:3,System.Void TestCI.DAL.Repositories.TodoRepository::.ctor(TestCI.DAL.AppDbContext)
DA:13,3
DA:14,3
DA:15,3
DA:16,3
FN:22,System.Void TestCI.DAL.Repositories.TodoRepository/<CreateAsync>d__4::MoveNext()
FNDA:4,System.Void TestCI.DAL.Repositories.TodoRepository/<CreateAsync>d__4::MoveNext()
DA:23,4
DA:24,4
DA:25,4
DA:26,4
FN:28,System.Void TestCI.DAL.Repositories.TodoRepository/<RemoveAsync>d__5::MoveNext()
FNDA:1,System.Void TestCI.DAL.Repositories.TodoRepository/<RemoveAsync>d__5::MoveNext()
DA:29,1
DA:30,1
DA:31,1
DA:32,1
LF:14
LH:14
BRF:0
BRH:0
FNF:5
FNH:5
end_of_record
SF:C:\Users\jozefpodlecki\source\repos\Jozefpodlecki\TestCI\TestCI.DAL\Models\Todo.cs
FN:6,System.Int32 TestCI.DAL.Models.Todo::get_Id()
FNDA:2,System.Int32 TestCI.DAL.Models.Todo::get_Id()
DA:7,2
FN:8,System.String TestCI.DAL.Models.Todo::get_Name()
FNDA:4,System.String TestCI.DAL.Models.Todo::get_Name()
DA:9,4
FN:10,System.DateTime TestCI.DAL.Models.Todo::get_CreatedOn()
FNDA:4,System.DateTime TestCI.DAL.Models.Todo::get_CreatedOn()
DA:11,4
LF:3
LH:3
BRF:0
BRH:0
FNF:3
FNH:3
end_of_record